<?xml version="1.0" encoding="UTF-8"?>
<testng-results ignored="1" total="3" passed="1" failed="1" skipped="0">
  <reporter-output>
  </reporter-output>
  <suite started-at="2021-12-04T09:57:56 IST" name="Suite" finished-at="2021-12-04T09:58:26 IST" duration-ms="30067">
    <groups>
      <group name="smoke">
        <method signature="LoginPageTestCases.HRM_LoginPage_VerifyLoginWithValidCredentials()[pri:1, instance:testcases.LoginPageTestCases@524d6d96]" name="HRM_LoginPage_VerifyLoginWithValidCredentials" class="testcases.LoginPageTestCases"/>
        <method signature="SystemUsersTestCases.verifySystemUsersPage()[pri:0, instance:testcases.SystemUsersTestCases@3738449f]" name="verifySystemUsersPage" class="testcases.SystemUsersTestCases"/>
      </group> <!-- smoke -->
    </groups>
    <test started-at="2021-12-04T09:57:56 IST" name="Test" finished-at="2021-12-04T09:58:26 IST" duration-ms="30067">
      <class name="testcases.LoginPageTestCases">
        <test-method is-config="true" signature="login(java.lang.String,java.lang.String)[pri:0, instance:testcases.LoginPageTestCases@524d6d96]" started-at="2021-12-04T09:57:56 IST" name="login" finished-at="2021-12-04T09:58:09 IST" duration-ms="12822" status="PASS">
          <params>
            <param index="0">
              <value>
                <![CDATA[chrome]]>
              </value>
            </param>
            <param index="1">
              <value>
                <![CDATA[https://opensource-demo.orangehrmlive.com/]]>
              </value>
            </param>
          </params>
          <reporter-output>
          </reporter-output>
        </test-method> <!-- login -->
        <test-method signature="HRM_LoginPage_VerifyLoginWithValidCredentials()[pri:1, instance:testcases.LoginPageTestCases@524d6d96]" started-at="2021-12-04T09:58:09 IST" name="HRM_LoginPage_VerifyLoginWithValidCredentials" finished-at="2021-12-04T09:58:09 IST" duration-ms="136" status="FAIL">
          <exception class="java.lang.AssertionError">
            <message>
              <![CDATA[LoginFailed..! expected [XYZDashboard] but found [Dashboard]]]>
            </message>
            <full-stacktrace>
              <![CDATA[java.lang.AssertionError: LoginFailed..! expected [XYZDashboard] but found [Dashboard]
at org.testng.Assert.fail(Assert.java:99)
at org.testng.Assert.failNotEquals(Assert.java:1037)
at org.testng.Assert.assertEqualsImpl(Assert.java:140)
at org.testng.Assert.assertEquals(Assert.java:122)
at org.testng.Assert.assertEquals(Assert.java:629)
at testcases.LoginPageTestCases.HRM_LoginPage_VerifyLoginWithValidCredentials(LoginPageTestCases.java:18)
at java.base/jdk.internal.reflect.NativeMethodAccessorImpl.invoke0(Native Method)
at java.base/jdk.internal.reflect.NativeMethodAccessorImpl.invoke(NativeMethodAccessorImpl.java:62)
at java.base/jdk.internal.reflect.DelegatingMethodAccessorImpl.invoke(DelegatingMethodAccessorImpl.java:43)
at java.base/java.lang.reflect.Method.invoke(Method.java:566)
at org.testng.internal.MethodInvocationHelper.invokeMethod(MethodInvocationHelper.java:133)
at org.testng.internal.TestInvoker.invokeMethod(TestInvoker.java:598)
at org.testng.internal.TestInvoker.invokeTestMethod(TestInvoker.java:173)
at org.testng.internal.MethodRunner.runInSequence(MethodRunner.java:46)
at org.testng.internal.TestInvoker$MethodInvocationAgent.invoke(TestInvoker.java:824)
at org.testng.internal.TestInvoker.invokeTestMethods(TestInvoker.java:146)
at org.testng.internal.TestMethodWorker.invokeTestMethods(TestMethodWorker.java:146)
at org.testng.internal.TestMethodWorker.run(TestMethodWorker.java:128)
at java.base/java.util.ArrayList.forEach(ArrayList.java:1541)
at org.testng.TestRunner.privateRun(TestRunner.java:794)
at org.testng.TestRunner.run(TestRunner.java:596)
at org.testng.SuiteRunner.runTest(SuiteRunner.java:377)
at org.testng.SuiteRunner.runSequentially(SuiteRunner.java:371)
at org.testng.SuiteRunner.privateRun(SuiteRunner.java:332)
at org.testng.SuiteRunner.run(SuiteRunner.java:276)
at org.testng.SuiteRunnerWorker.runSuite(SuiteRunnerWorker.java:53)
at org.testng.SuiteRunnerWorker.run(SuiteRunnerWorker.java:96)
at org.testng.TestNG.runSuitesSequentially(TestNG.java:1212)
at org.testng.TestNG.runSuitesLocally(TestNG.java:1134)
at org.testng.TestNG.runSuites(TestNG.java:1063)
at org.testng.TestNG.run(TestNG.java:1031)
at org.apache.maven.surefire.testng.TestNGExecutor.run(TestNGExecutor.java:284)
at org.apache.maven.surefire.testng.TestNGXmlTestSuite.execute(TestNGXmlTestSuite.java:75)
at org.apache.maven.surefire.testng.TestNGProvider.invoke(TestNGProvider.java:119)
at org.apache.maven.surefire.booter.ForkedBooter.runSuitesInProcess(ForkedBooter.java:428)
at org.apache.maven.surefire.booter.ForkedBooter.execute(ForkedBooter.java:162)
at org.apache.maven.surefire.booter.ForkedBooter.run(ForkedBooter.java:562)
at org.apache.maven.surefire.booter.ForkedBooter.main(ForkedBooter.java:548)
]]>
            </full-stacktrace>
          </exception> <!-- java.lang.AssertionError -->
          <reporter-output>
          </reporter-output>
        </test-method> <!-- HRM_LoginPage_VerifyLoginWithValidCredentials -->
        <test-method is-config="true" signature="closeBrowser()[pri:0, instance:testcases.LoginPageTestCases@524d6d96]" started-at="2021-12-04T09:58:09 IST" name="closeBrowser" finished-at="2021-12-04T09:58:11 IST" duration-ms="1514" status="PASS">
          <reporter-output>
          </reporter-output>
        </test-method> <!-- closeBrowser -->
      </class> <!-- testcases.LoginPageTestCases -->
      <class name="testcases.SystemUsersTestCases">
        <test-method is-config="true" signature="login(java.lang.String,java.lang.String)[pri:0, instance:testcases.SystemUsersTestCases@3738449f]" started-at="2021-12-04T09:58:11 IST" name="login" finished-at="2021-12-04T09:58:22 IST" duration-ms="11599" status="PASS">
          <params>
            <param index="0">
              <value>
                <![CDATA[chrome]]>
              </value>
            </param>
            <param index="1">
              <value>
                <![CDATA[https://opensource-demo.orangehrmlive.com/]]>
              </value>
            </param>
          </params>
          <reporter-output>
          </reporter-output>
        </test-method> <!-- login -->
        <test-method signature="verifySystemUsersPage()[pri:0, instance:testcases.SystemUsersTestCases@3738449f]" started-at="2021-12-04T09:58:22 IST" name="verifySystemUsersPage" finished-at="2021-12-04T09:58:24 IST" duration-ms="1776" status="PASS">
          <reporter-output>
          </reporter-output>
        </test-method> <!-- verifySystemUsersPage -->
        <test-method is-config="true" signature="closeBrowser()[pri:0, instance:testcases.SystemUsersTestCases@3738449f]" started-at="2021-12-04T09:58:24 IST" name="closeBrowser" finished-at="2021-12-04T09:58:26 IST" duration-ms="1775" status="PASS">
          <reporter-output>
          </reporter-output>
        </test-method> <!-- closeBrowser -->
      </class> <!-- testcases.SystemUsersTestCases -->
    </test> <!-- Test -->
  </suite> <!-- Suite -->
</testng-results>
